<?xml version="1.0" encoding="UTF-8"?>
<!-- Generated by org.testng.reporters.JUnitReportReporter -->
<testsuite skipped="0" hostname="Admin-PC" name="scripts.TestInvalidLogin" tests="1" failures="0" timestamp="20 Feb 2018 07:40:01 GMT" time="53.793" errors="0">
  <testcase name="InvalidLogin" time="53.793" classname="scripts.TestInvalidLogin"/>
</testsuite> <!-- scripts.TestInvalidLogin -->
