<?xml version="1.0" encoding="UTF-8"?>
<!-- Generated by org.testng.reporters.JUnitReportReporter -->
<testsuite skipped="0" hostname="Admin-PC" name="scripts.TestInvalidLogin" tests="1" failures="0" timestamp="19 Feb 2018 08:07:56 GMT" time="55.771" errors="0">
  <testcase name="InvalidLogin" time="55.771" classname="scripts.TestInvalidLogin"/>
</testsuite> <!-- scripts.TestInvalidLogin -->
