<?xml version="1.0" encoding="UTF-8"?>
<!-- Generated by org.testng.reporters.JUnitReportReporter -->
<testsuite skipped="0" hostname="Admin-PC" name="scripts.TestValidLogin" tests="1" failures="0" timestamp="19 Feb 2018 08:07:56 GMT" time="15.069" errors="0">
  <testcase name="testValidLogin" time="15.069" classname="scripts.TestValidLogin"/>
</testsuite> <!-- scripts.TestValidLogin -->
